Molecule: ch2.xyz
Charge: 0, Multiplicity: 3
Basis: 6-31+G
Atoms: 3, Electrons: 8

converged SCF energy = -38.9091025842963

ROHF orbital structure: 3 doubly occupied, 2 singly occupied
============================================================
MinPop Analysis (ROHF)
============================================================
     Alpha  MBS Density Matrix:
                           1         2         3         4         5
   1 1   C  1S          1.04871
   2        2S         -0.18008   0.72212
   3        2PX        -0.00000   0.00000   1.00000
   4        2PY        -0.00000   0.00000  -0.00000   0.31014
   5        2PZ        -0.06372   0.33862  -0.00000   0.00000   0.76786
   6 2   H  1S         -0.04389   0.08788   0.00000   0.22753  -0.20154
   7 3   H  1S         -0.04389   0.08788  -0.00000  -0.22753  -0.20154
                           6         7
   6 2   H  1S          0.27456
   7 3   H  1S         -0.05929   0.27456
     Beta  MBS Density Matrix:
                           1         2         3         4         5
   1 1   C  1S          1.03568
   2        2S         -0.11974   0.44270
   3        2PX         0.00000  -0.00000   0.00000
   4        2PY        -0.00000   0.00000   0.00000   0.31014
   5        2PZ         0.03432  -0.11541   0.00000  -0.00000   0.03010
   6 2   H  1S         -0.06434   0.18259   0.00000   0.22753  -0.04765
   7 3   H  1S         -0.06434   0.18259  -0.00000  -0.22753  -0.04765
                           6         7
   6 2   H  1S          0.24245
   7 3   H  1S         -0.09140   0.24245
    Full MBS Mulliken population analysis:
                           1         2         3         4         5
   1 1   C  1S          2.08439
   2        2S         -0.07446   1.16482
   3        2PX         0.00000   0.00000   1.00000
   4        2PY         0.00000   0.00000   0.00000   0.62029
   5        2PZ         0.00000   0.00000   0.00000   0.00000   0.79796
   6 2   H  1S         -0.00694   0.13470   0.00000   0.19822   0.04501
   7 3   H  1S         -0.00694   0.13470   0.00000   0.19822   0.04501
                           6         7
   6 2   H  1S          0.51701
   7 3   H  1S         -0.01825   0.51701
     MBS Gross orbital populations:
                         Total     Alpha     Beta      Spin
   1 1   C  1S          1.99604   0.99836   0.99769   0.00067
   2        2S          1.35975   0.76492   0.59482   0.17010
   3        2PX         1.00000   1.00000   0.00000   1.00000
   4        2PY         1.01672   0.50836   0.50836  -0.00000
   5        2PZ         0.88799   0.84068   0.04731   0.79337
   6 2   H  1S          0.86975   0.44384   0.42591   0.01793
   7 3   H  1S          0.86975   0.44384   0.42591   0.01793
          MBS Condensed to atoms (all electrons):
               1          2          3
     1  C    5.518526   0.370989   0.370989
     2  H    0.370989   0.517008  -0.018248
     3  H    0.370989  -0.018248   0.517008
          MBS Atomic-Atomic Spin Densities:
               1          2          3
     1  C    2.000241  -0.018055  -0.018055
     2  H   -0.018055   0.032102   0.003888
     3  H   -0.018055   0.003888   0.032102
 MBS Mulliken charges and spin densities:
               1          2
     1  C   -0.260503   1.964131
     2  H    0.130252   0.017935
     3  H    0.130252   0.017935
 Sum of MBS Mulliken charges =    0.00000    2.00000
============================================================
