Molecule: ch2.xyz
Charge: 0, Multiplicity: 3
Basis: 6-31+G
Atoms: 3, Electrons: 8

converged SCF energy = -38.9137810701808  <S^2> = 2.0171621  2S+1 = 3.0114196

UHF orbital structure: 5 alpha, 3 beta
 Annihilation of the first spin contaminant:
 S**2 before annihilation   2.0172,   after   2.0000
============================================================
MinPop Analysis (UHF)
============================================================
     Alpha  MBS Density Matrix:
                           1         2         3         4         5
   1 1   C  1S       1.05126
   2        2S      -0.19228   0.77310
   3        2PX      0.00000  -0.00000   1.00000
   4        2PY      0.00000  -0.00000   0.00000   0.35975
   5        2PZ     -0.05495   0.29618   0.00000  -0.00000   0.79799
   6 2   H  1S      -0.03997   0.08490   0.00000   0.22522  -0.18701
   7 3   H  1S      -0.03997   0.08490  -0.00000  -0.22522  -0.18701
                           6         7
   6 2   H  1S       0.22089
   7 3   H  1S      -0.06110   0.22089
     Beta  MBS Density Matrix:
                           1         2         3         4         5
   1 1   C  1S       1.03168
   2        2S      -0.10088   0.36227
   3        2PX      0.00000  -0.00000   0.00000
   4        2PY      0.00000  -0.00000   0.00000   0.26294
   5        2PZ      0.02764  -0.08772   0.00000  -0.00000   0.02125
   6 2   H  1S      -0.07053   0.19378   0.00000   0.22639  -0.04697
   7 3   H  1S      -0.07053   0.19378  -0.00000  -0.22639  -0.04697
                           6         7
   6 2   H  1S       0.29884
   7 3   H  1S      -0.09098   0.29884
     Total  MBS Density Matrix:
                           1         2         3         4         5
   1 1   C  1S       2.08294
   2        2S      -0.29316   1.13538
   3        2PX      0.00000  -0.00000   1.00000
   4        2PY      0.00000  -0.00000   0.00000   0.62269
   5        2PZ     -0.02731   0.20846   0.00000  -0.00000   0.81923
   6 2   H  1S      -0.11050   0.27868   0.00000   0.45160  -0.23399
   7 3   H  1S      -0.11050   0.27868  -0.00000  -0.45160  -0.23399
                           6         7
   6 2   H  1S       0.51974
   7 3   H  1S      -0.15208   0.51974
     Spin  MBS Density Matrix:
                           1         2         3         4         5
   1 1   C  1S       0.01958
   2        2S      -0.09140   0.41083
   3        2PX      0.00000  -0.00000   1.00000
   4        2PY      0.00000  -0.00000   0.00000   0.09681
   5        2PZ     -0.08259   0.38389   0.00000  -0.00000   0.77674
   6 2   H  1S       0.03056  -0.10888   0.00000  -0.00117  -0.14004
   7 3   H  1S       0.03056  -0.10888  -0.00000   0.00117  -0.14004
                           6         7
   6 2   H  1S      -0.07795
   7 3   H  1S       0.02989  -0.07795
     MBS Gross orbital populations:
                         Total     Alpha     Beta      Spin
   1 1   C  1S       1.99596   0.99838   0.99758   0.00080
   2        2S       1.34015   0.80992   0.53023   0.27969
   3        2PX      1.00000   1.00000   0.00000   1.00000
   4        2PY      1.01612   0.55596   0.46016   0.09579
   5        2PZ      0.90377   0.86555   0.03822   0.82733
   6 2   H  1S       0.87200   0.38510   0.48690  -0.10180
   7 3   H  1S       0.87200   0.38510   0.48690  -0.10180
          MBS Condensed to atoms (all electrons):
                   1           2           3
      1  C     5.514625    0.370684    0.370684
      2  H     0.370684    0.519735   -0.018416
      3  H     0.370684   -0.018416    0.519735
          MBS Atomic-Atomic Spin Densities:
                   1           2           3
      1  C     2.258561   -0.027476   -0.027476
      2  H    -0.027476   -0.077949    0.003619
      3  H    -0.027476    0.003619   -0.077949
 MBS Mulliken charges and spin densities:
                  1          2
        1  C   -0.255994   2.203610
        2  H    0.127997  -0.101805
        3  H    0.127997  -0.101805
 Sum of MBS Mulliken charges =    0.00000    2.00000
============================================================
