Molecule: ch.xyz
Charge: 0, Multiplicity: 4
Basis: 6-31+G
Atoms: 2, Electrons: 7

converged SCF energy = -38.2717895698275

ROHF orbital structure: 2 doubly occupied, 3 singly occupied
============================================================
MinPop Analysis (ROHF)
============================================================
     Alpha  MBS Density Matrix:
                           1         2         3         4         5
   1 1   C  1S          1.05910
   2        2S         -0.23315   0.95191
   3        2PX        -0.00000   0.00000   1.00000
   4        2PY        -0.00000   0.00000   0.00000   1.00000
   5        2PZ        -0.05885   0.29656  -0.00000  -0.00000   0.48675
   6 2   H  1S         -0.03076   0.02121  -0.00000  -0.00000  -0.33206
                           6
   6 2   H  1S          0.29150
     Beta  MBS Density Matrix:
                           1         2         3         4         5
   1 1   C  1S          1.02692
   2        2S         -0.09632   0.37014
   3        2PX        -0.00000   0.00000   0.00000
   4        2PY        -0.00000   0.00000   0.00000   0.00000
   5        2PZ         0.05402  -0.18335  -0.00000  -0.00000   0.09087
   6 2   H  1S         -0.08802   0.26467   0.00000   0.00000  -0.13123
                           6
   6 2   H  1S          0.18962
    Full MBS Mulliken population analysis:
                           1         2         3         4         5
   1 1   C  1S          2.08601
   2        2S         -0.08183   1.32204
   3        2PX         0.00000   0.00000   1.00000
   4        2PY         0.00000   0.00000   0.00000   1.00000
   5        2PZ         0.00000   0.00000   0.00000   0.00000   0.57761
   6 2   H  1S         -0.00734   0.13979   0.00000   0.00000   0.21599
                           6
   6 2   H  1S          0.48112
     MBS Gross orbital populations:
                         Total     Alpha     Beta      Spin
   1 1   C  1S          1.99684   0.99929   0.99755   0.00174
   2        2S          1.38000   0.90437   0.47563   0.42874
   3        2PX         1.00000   1.00000   0.00000   1.00000
   4        2PY         1.00000   1.00000   0.00000   1.00000
   5        2PZ         0.79360   0.64156   0.15205   0.48951
   6 2   H  1S          0.82955   0.45478   0.37477   0.08001
          MBS Condensed to atoms (all electrons):
               1          2
     1  C    5.822013   0.348432
     2  H    0.348432   0.481122
          MBS Atomic-Atomic Spin Densities:
               1          2
     1  C    2.941866  -0.021875
     2  H   -0.021875   0.101884
 MBS Mulliken charges and spin densities:
               1          2
     1  C   -0.170446   2.919991
     2  H    0.170446   0.080009
 Sum of MBS Mulliken charges =   -0.00000    3.00000
============================================================
