Auto-detected ECP for heavy elements: {'Sn': 'def2svp'}
Molecule: snh4.xyz
Charge: 0, Multiplicity: 1
Basis: def2-TZVPP
Atoms: 5, Electrons: 26

converged SCF energy = -215.644333547953

ROHF orbital structure: 13 doubly occupied, 0 singly occupied
============================================================
MinPop Analysis (ROHF)
============================================================
     Alpha  MBS Density Matrix:
                           1         2         3         4         5
   1 1   Sn 1S          0.00014
   2        2S         -0.00032   0.00077
   3        2PX         0.00000  -0.00000   0.00004
   4        2PY         0.00000  -0.00000  -0.00000   0.00004
   5        2PZ        -0.00000   0.00000   0.00000  -0.00000   0.00004
   6        3S          0.00050  -0.00128   0.00000   0.00000  -0.00000
   7        3PX        -0.00000   0.00000   0.00006   0.00000  -0.00000
   8        3PY        -0.00000   0.00000   0.00000   0.00006   0.00000
   9        3PZ         0.00000  -0.00000  -0.00000   0.00000   0.00006
  10        4D 0        0.00000  -0.00000  -0.00000  -0.00000   0.00000
  11        4D+1       -0.00000   0.00000  -0.00000  -0.00007   0.00000
  12        4D-1        0.00000  -0.00000  -0.00007  -0.00000   0.00000
  13        4D+2       -0.00000   0.00000   0.00000   0.00000   0.00000
  14        4D-2       -0.00000   0.00000  -0.00000   0.00000  -0.00007
  15        5S          0.00992  -0.01940  -0.00000   0.00000   0.00000
  16        5PX        -0.00000   0.00000  -0.00437  -0.00000   0.00000
  17        5PY        -0.00000   0.00000  -0.00000  -0.00437   0.00000
  18        5PZ         0.00000  -0.00000   0.00000  -0.00000  -0.00437
  19        6D 0       -0.00000   0.00000   0.00000   0.00000  -0.00000
  20        6D+1        0.00000  -0.00000  -0.00000   0.00070  -0.00000
  21        6D-1       -0.00000   0.00000   0.00070  -0.00000   0.00000
  22        6D+2        0.00000  -0.00000  -0.00000  -0.00000  -0.00000
  23        6D-2        0.00000  -0.00000   0.00000  -0.00000   0.00070
  24        7S         -0.00657   0.01770  -0.00000  -0.00000  -0.00000
  25        7PX         0.00000  -0.00000   0.00219   0.00000   0.00000
  26        7PY         0.00000  -0.00000  -0.00000   0.00219  -0.00000
  27        7PZ        -0.00000   0.00000   0.00000  -0.00000   0.00219
  28 2   H  1S         -0.00151   0.00433   0.00178   0.00178   0.00178
  29 3   H  1S         -0.00151   0.00433  -0.00178  -0.00178   0.00178
  30 4   H  1S         -0.00151   0.00433   0.00178  -0.00178  -0.00178
  31 5   H  1S         -0.00151   0.00433  -0.00178   0.00178  -0.00178
                           6         7         8         9        10
   6        3S          0.00226
   7        3PX        -0.00000   0.00081
   8        3PY        -0.00000  -0.00000   0.00081
   9        3PZ         0.00000   0.00000  -0.00000   0.00081
  10        4D 0        0.00000  -0.00000  -0.00000  -0.00000   0.00322
  11        4D+1       -0.00000  -0.00000   0.00016  -0.00000   0.00000
  12        4D-1        0.00000   0.00016  -0.00000   0.00000   0.00000
  13        4D+2       -0.00000   0.00000  -0.00000  -0.00000   0.00000
  14        4D-2       -0.00000  -0.00000  -0.00000   0.00016  -0.00000
  15        5S          0.02373   0.00000  -0.00000  -0.00000   0.00000
  16        5PX        -0.00000  -0.02650   0.00000  -0.00000   0.00000
  17        5PY        -0.00000   0.00000  -0.02650  -0.00000   0.00000
  18        5PZ         0.00000  -0.00000   0.00000  -0.02650  -0.00000
  19        6D 0       -0.00000   0.00000   0.00000   0.00000  -0.05763
  20        6D+1        0.00000   0.00000  -0.00238   0.00000  -0.00000
  21        6D-1       -0.00000  -0.00238   0.00000  -0.00000  -0.00000
  22        6D+2        0.00000   0.00000   0.00000   0.00000  -0.00000
  23        6D-2        0.00000   0.00000   0.00000  -0.00238  -0.00000
  24        7S         -0.03309   0.00000  -0.00000   0.00000   0.00000
  25        7PX         0.00000  -0.00290   0.00000  -0.00000  -0.00000
  26        7PY         0.00000   0.00000  -0.00290   0.00000   0.00000
  27        7PZ        -0.00000  -0.00000   0.00000  -0.00290   0.00000
  28 2   H  1S         -0.00855  -0.00262  -0.00262  -0.00262  -0.00000
  29 3   H  1S         -0.00855   0.00262   0.00262  -0.00262  -0.00000
  30 4   H  1S         -0.00855  -0.00262   0.00262   0.00262  -0.00000
  31 5   H  1S         -0.00855   0.00262  -0.00262   0.00262  -0.00000
                          11        12        13        14        15
  11        4D+1        0.00306
  12        4D-1       -0.00000   0.00306
  13        4D+2        0.00000  -0.00000   0.00322
  14        4D-2       -0.00000   0.00000  -0.00000   0.00306
  15        5S         -0.00000   0.00000   0.00000  -0.00000   1.05765
  16        5PX         0.00000  -0.00024   0.00000   0.00000   0.00000
  17        5PY        -0.00024   0.00000  -0.00000   0.00000  -0.00000
  18        5PZ         0.00000  -0.00000  -0.00000  -0.00024  -0.00000
  19        6D 0       -0.00000  -0.00000  -0.00000   0.00000   0.00000
  20        6D+1       -0.05559   0.00000  -0.00000   0.00000   0.00000
  21        6D-1        0.00000  -0.05559  -0.00000  -0.00000   0.00000
  22        6D+2        0.00000   0.00000  -0.05763   0.00000  -0.00000
  23        6D-2        0.00000  -0.00000   0.00000  -0.05559  -0.00000
  24        7S          0.00000  -0.00000  -0.00000   0.00000  -0.21286
  25        7PX        -0.00000   0.00342  -0.00000  -0.00000   0.00000
  26        7PY         0.00342  -0.00000   0.00000   0.00000   0.00000
  27        7PZ        -0.00000   0.00000   0.00000   0.00342   0.00000
  28 2   H  1S         -0.00382  -0.00382   0.00000  -0.00382  -0.02258
  29 3   H  1S          0.00382   0.00382   0.00000  -0.00382  -0.02258
  30 4   H  1S          0.00382  -0.00382  -0.00000   0.00382  -0.02258
  31 5   H  1S         -0.00382   0.00382  -0.00000   0.00382  -0.02258
                          16        17        18        19        20
  16        5PX         1.04893
  17        5PY         0.00000   1.04893
  18        5PZ        -0.00000   0.00000   1.04893
  19        6D 0       -0.00000   0.00000   0.00000   1.03276
  20        6D+1       -0.00000   0.02661   0.00000   0.00000   1.01916
  21        6D-1        0.02661  -0.00000   0.00000   0.00000  -0.00000
  22        6D+2       -0.00000   0.00000   0.00000   0.00000  -0.00000
  23        6D-2       -0.00000   0.00000   0.02661  -0.00000  -0.00000
  24        7S         -0.00000  -0.00000   0.00000  -0.00000  -0.00000
  25        7PX        -0.08427  -0.00000   0.00000   0.00000   0.00000
  26        7PY         0.00000  -0.08427  -0.00000  -0.00000  -0.10966
  27        7PZ         0.00000  -0.00000  -0.08427   0.00000   0.00000
  28 2   H  1S         -0.05976  -0.05976  -0.05976   0.00000   0.03324
  29 3   H  1S          0.05976   0.05976  -0.05976   0.00000  -0.03324
  30 4   H  1S         -0.05976   0.05976   0.05976  -0.00000  -0.03324
  31 5   H  1S          0.05976  -0.05976   0.05976   0.00000   0.03324
                          21        22        23        24        25
  21        6D-1        1.01916
  22        6D+2        0.00000   1.03276
  23        6D-2        0.00000  -0.00000   1.01916
  24        7S          0.00000  -0.00000   0.00000   0.50763
  25        7PX        -0.10966   0.00000   0.00000  -0.00000   0.21636
  26        7PY         0.00000  -0.00000  -0.00000  -0.00000   0.00000
  27        7PZ        -0.00000   0.00000  -0.10966  -0.00000  -0.00000
  28 2   H  1S          0.03324  -0.00000   0.03324   0.13658   0.15603
  29 3   H  1S         -0.03324   0.00000   0.03324   0.13658  -0.15603
  30 4   H  1S          0.03324  -0.00000  -0.03324   0.13658   0.15603
  31 5   H  1S         -0.03324   0.00000  -0.03324   0.13658  -0.15603
                          26        27        28        29        30
  26        7PY         0.21636
  27        7PZ        -0.00000   0.21636
  28 2   H  1S          0.15603   0.15603   0.41486
  29 3   H  1S         -0.15603   0.15603  -0.08764   0.41486
  30 4   H  1S         -0.15603  -0.15603  -0.08764  -0.08764   0.41486
  31 5   H  1S          0.15603  -0.15603  -0.08764  -0.08764  -0.08764
                          31
  31 5   H  1S          0.41486
     Beta  MBS Density Matrix:
                           1         2         3         4         5
   1 1   Sn 1S          0.00014
   2        2S         -0.00032   0.00077
   3        2PX         0.00000  -0.00000   0.00004
   4        2PY         0.00000  -0.00000  -0.00000   0.00004
   5        2PZ        -0.00000   0.00000   0.00000  -0.00000   0.00004
   6        3S          0.00050  -0.00128   0.00000   0.00000  -0.00000
   7        3PX        -0.00000   0.00000   0.00006   0.00000  -0.00000
   8        3PY        -0.00000   0.00000   0.00000   0.00006   0.00000
   9        3PZ         0.00000  -0.00000  -0.00000   0.00000   0.00006
  10        4D 0        0.00000  -0.00000  -0.00000  -0.00000   0.00000
  11        4D+1       -0.00000   0.00000  -0.00000  -0.00007   0.00000
  12        4D-1        0.00000  -0.00000  -0.00007  -0.00000   0.00000
  13        4D+2       -0.00000   0.00000   0.00000   0.00000   0.00000
  14        4D-2       -0.00000   0.00000  -0.00000   0.00000  -0.00007
  15        5S          0.00992  -0.01940  -0.00000   0.00000   0.00000
  16        5PX        -0.00000   0.00000  -0.00437  -0.00000   0.00000
  17        5PY        -0.00000   0.00000  -0.00000  -0.00437   0.00000
  18        5PZ         0.00000  -0.00000   0.00000  -0.00000  -0.00437
  19        6D 0       -0.00000   0.00000   0.00000   0.00000  -0.00000
  20        6D+1        0.00000  -0.00000  -0.00000   0.00070  -0.00000
  21        6D-1       -0.00000   0.00000   0.00070  -0.00000   0.00000
  22        6D+2        0.00000  -0.00000  -0.00000  -0.00000  -0.00000
  23        6D-2        0.00000  -0.00000   0.00000  -0.00000   0.00070
  24        7S         -0.00657   0.01770  -0.00000  -0.00000  -0.00000
  25        7PX         0.00000  -0.00000   0.00219   0.00000   0.00000
  26        7PY         0.00000  -0.00000  -0.00000   0.00219  -0.00000
  27        7PZ        -0.00000   0.00000   0.00000  -0.00000   0.00219
  28 2   H  1S         -0.00151   0.00433   0.00178   0.00178   0.00178
  29 3   H  1S         -0.00151   0.00433  -0.00178  -0.00178   0.00178
  30 4   H  1S         -0.00151   0.00433   0.00178  -0.00178  -0.00178
  31 5   H  1S         -0.00151   0.00433  -0.00178   0.00178  -0.00178
                           6         7         8         9        10
   6        3S          0.00226
   7        3PX        -0.00000   0.00081
   8        3PY        -0.00000  -0.00000   0.00081
   9        3PZ         0.00000   0.00000  -0.00000   0.00081
  10        4D 0        0.00000  -0.00000  -0.00000  -0.00000   0.00322
  11        4D+1       -0.00000  -0.00000   0.00016  -0.00000   0.00000
  12        4D-1        0.00000   0.00016  -0.00000   0.00000   0.00000
  13        4D+2       -0.00000   0.00000  -0.00000  -0.00000   0.00000
  14        4D-2       -0.00000  -0.00000  -0.00000   0.00016  -0.00000
  15        5S          0.02373   0.00000  -0.00000  -0.00000   0.00000
  16        5PX        -0.00000  -0.02650   0.00000  -0.00000   0.00000
  17        5PY        -0.00000   0.00000  -0.02650  -0.00000   0.00000
  18        5PZ         0.00000  -0.00000   0.00000  -0.02650  -0.00000
  19        6D 0       -0.00000   0.00000   0.00000   0.00000  -0.05763
  20        6D+1        0.00000   0.00000  -0.00238   0.00000  -0.00000
  21        6D-1       -0.00000  -0.00238   0.00000  -0.00000  -0.00000
  22        6D+2        0.00000   0.00000   0.00000   0.00000  -0.00000
  23        6D-2        0.00000   0.00000   0.00000  -0.00238  -0.00000
  24        7S         -0.03309   0.00000  -0.00000   0.00000   0.00000
  25        7PX         0.00000  -0.00290   0.00000  -0.00000  -0.00000
  26        7PY         0.00000   0.00000  -0.00290   0.00000   0.00000
  27        7PZ        -0.00000  -0.00000   0.00000  -0.00290   0.00000
  28 2   H  1S         -0.00855  -0.00262  -0.00262  -0.00262  -0.00000
  29 3   H  1S         -0.00855   0.00262   0.00262  -0.00262  -0.00000
  30 4   H  1S         -0.00855  -0.00262   0.00262   0.00262  -0.00000
  31 5   H  1S         -0.00855   0.00262  -0.00262   0.00262  -0.00000
                          11        12        13        14        15
  11        4D+1        0.00306
  12        4D-1       -0.00000   0.00306
  13        4D+2        0.00000  -0.00000   0.00322
  14        4D-2       -0.00000   0.00000  -0.00000   0.00306
  15        5S         -0.00000   0.00000   0.00000  -0.00000   1.05765
  16        5PX         0.00000  -0.00024   0.00000   0.00000   0.00000
  17        5PY        -0.00024   0.00000  -0.00000   0.00000  -0.00000
  18        5PZ         0.00000  -0.00000  -0.00000  -0.00024  -0.00000
  19        6D 0       -0.00000  -0.00000  -0.00000   0.00000   0.00000
  20        6D+1       -0.05559   0.00000  -0.00000   0.00000   0.00000
  21        6D-1        0.00000  -0.05559  -0.00000  -0.00000   0.00000
  22        6D+2        0.00000   0.00000  -0.05763   0.00000  -0.00000
  23        6D-2        0.00000  -0.00000   0.00000  -0.05559  -0.00000
  24        7S          0.00000  -0.00000  -0.00000   0.00000  -0.21286
  25        7PX        -0.00000   0.00342  -0.00000  -0.00000   0.00000
  26        7PY         0.00342  -0.00000   0.00000   0.00000   0.00000
  27        7PZ        -0.00000   0.00000   0.00000   0.00342   0.00000
  28 2   H  1S         -0.00382  -0.00382   0.00000  -0.00382  -0.02258
  29 3   H  1S          0.00382   0.00382   0.00000  -0.00382  -0.02258
  30 4   H  1S          0.00382  -0.00382  -0.00000   0.00382  -0.02258
  31 5   H  1S         -0.00382   0.00382  -0.00000   0.00382  -0.02258
                          16        17        18        19        20
  16        5PX         1.04893
  17        5PY         0.00000   1.04893
  18        5PZ        -0.00000   0.00000   1.04893
  19        6D 0       -0.00000   0.00000   0.00000   1.03276
  20        6D+1       -0.00000   0.02661   0.00000   0.00000   1.01916
  21        6D-1        0.02661  -0.00000   0.00000   0.00000  -0.00000
  22        6D+2       -0.00000   0.00000   0.00000   0.00000  -0.00000
  23        6D-2       -0.00000   0.00000   0.02661  -0.00000  -0.00000
  24        7S         -0.00000  -0.00000   0.00000  -0.00000  -0.00000
  25        7PX        -0.08427  -0.00000   0.00000   0.00000   0.00000
  26        7PY         0.00000  -0.08427  -0.00000  -0.00000  -0.10966
  27        7PZ         0.00000  -0.00000  -0.08427   0.00000   0.00000
  28 2   H  1S         -0.05976  -0.05976  -0.05976   0.00000   0.03324
  29 3   H  1S          0.05976   0.05976  -0.05976   0.00000  -0.03324
  30 4   H  1S         -0.05976   0.05976   0.05976  -0.00000  -0.03324
  31 5   H  1S          0.05976  -0.05976   0.05976   0.00000   0.03324
                          21        22        23        24        25
  21        6D-1        1.01916
  22        6D+2        0.00000   1.03276
  23        6D-2        0.00000  -0.00000   1.01916
  24        7S          0.00000  -0.00000   0.00000   0.50763
  25        7PX        -0.10966   0.00000   0.00000  -0.00000   0.21636
  26        7PY         0.00000  -0.00000  -0.00000  -0.00000   0.00000
  27        7PZ        -0.00000   0.00000  -0.10966  -0.00000  -0.00000
  28 2   H  1S          0.03324  -0.00000   0.03324   0.13658   0.15603
  29 3   H  1S         -0.03324   0.00000   0.03324   0.13658  -0.15603
  30 4   H  1S          0.03324  -0.00000  -0.03324   0.13658   0.15603
  31 5   H  1S         -0.03324   0.00000  -0.03324   0.13658  -0.15603
                          26        27        28        29        30
  26        7PY         0.21636
  27        7PZ        -0.00000   0.21636
  28 2   H  1S          0.15603   0.15603   0.41486
  29 3   H  1S         -0.15603   0.15603  -0.08764   0.41486
  30 4   H  1S         -0.15603  -0.15603  -0.08764  -0.08764   0.41486
  31 5   H  1S          0.15603  -0.15603  -0.08764  -0.08764  -0.08764
                          31
  31 5   H  1S          0.41486
    Full MBS Mulliken population analysis:
                           1         2         3         4         5
   1 1   Sn 1S          0.00028
   2        2S         -0.00027   0.00153
   3        2PX         0.00000   0.00000   0.00008
   4        2PY         0.00000   0.00000   0.00000   0.00008
   5        2PZ         0.00000   0.00000   0.00000   0.00000   0.00008
   6        3S          0.00005  -0.00122   0.00000   0.00000   0.00000
   7        3PX         0.00000   0.00000   0.00006   0.00000   0.00000
   8        3PY         0.00000   0.00000   0.00000   0.00006   0.00000
   9        3PZ         0.00000   0.00000   0.00000   0.00000   0.00006
  10        4D 0        0.00000   0.00000   0.00000   0.00000   0.00000
  11        4D+1        0.00000   0.00000   0.00000   0.00000   0.00000
  12        4D-1        0.00000   0.00000   0.00000   0.00000   0.00000
  13        4D+2        0.00000   0.00000   0.00000   0.00000   0.00000
  14        4D-2        0.00000   0.00000   0.00000   0.00000   0.00000
  15        5S          0.00000  -0.00094   0.00000   0.00000   0.00000
  16        5PX         0.00000   0.00000  -0.00032   0.00000   0.00000
  17        5PY         0.00000   0.00000   0.00000  -0.00032   0.00000
  18        5PZ         0.00000   0.00000   0.00000   0.00000  -0.00032
  19        6D 0        0.00000   0.00000   0.00000   0.00000   0.00000
  20        6D+1        0.00000   0.00000   0.00000   0.00000   0.00000
  21        6D-1        0.00000   0.00000   0.00000   0.00000   0.00000
  22        6D+2        0.00000   0.00000   0.00000   0.00000   0.00000
  23        6D-2        0.00000   0.00000   0.00000   0.00000   0.00000
  24        7S          0.00001  -0.00013   0.00000   0.00000   0.00000
  25        7PX         0.00000   0.00000   0.00000   0.00000   0.00000
  26        7PY         0.00000   0.00000   0.00000   0.00000   0.00000
  27        7PZ         0.00000   0.00000   0.00000   0.00000   0.00000
  28 2   H  1S         -0.00000   0.00003   0.00000   0.00000   0.00000
  29 3   H  1S         -0.00000   0.00003   0.00000   0.00000   0.00000
  30 4   H  1S         -0.00000   0.00003   0.00000   0.00000   0.00000
  31 5   H  1S         -0.00000   0.00003   0.00000   0.00000   0.00000
                           6         7         8         9        10
   6        3S          0.00451
   7        3PX         0.00000   0.00162
   8        3PY         0.00000   0.00000   0.00162
   9        3PZ         0.00000   0.00000   0.00000   0.00162
  10        4D 0        0.00000   0.00000   0.00000   0.00000   0.00643
  11        4D+1        0.00000   0.00000   0.00000   0.00000   0.00000
  12        4D-1        0.00000   0.00000   0.00000   0.00000   0.00000
  13        4D+2        0.00000   0.00000   0.00000   0.00000   0.00000
  14        4D-2        0.00000   0.00000   0.00000   0.00000   0.00000
  15        5S          0.01406   0.00000   0.00000   0.00000   0.00000
  16        5PX         0.00000  -0.01653   0.00000   0.00000   0.00000
  17        5PY         0.00000   0.00000  -0.01653   0.00000   0.00000
  18        5PZ         0.00000   0.00000   0.00000  -0.01653   0.00000
  19        6D 0        0.00000   0.00000   0.00000   0.00000  -0.03597
  20        6D+1        0.00000   0.00000   0.00000   0.00000   0.00000
  21        6D-1        0.00000   0.00000   0.00000   0.00000   0.00000
  22        6D+2        0.00000   0.00000   0.00000   0.00000   0.00000
  23        6D-2        0.00000   0.00000   0.00000   0.00000   0.00000
  24        7S          0.00001   0.00000   0.00000   0.00000   0.00000
  25        7PX         0.00000  -0.00008   0.00000   0.00000   0.00000
  26        7PY         0.00000   0.00000  -0.00008   0.00000   0.00000
  27        7PZ         0.00000   0.00000   0.00000  -0.00008   0.00000
  28 2   H  1S         -0.00023  -0.00001  -0.00001  -0.00001   0.00000
  29 3   H  1S         -0.00023  -0.00001  -0.00001  -0.00001   0.00000
  30 4   H  1S         -0.00023  -0.00001  -0.00001  -0.00001   0.00000
  31 5   H  1S         -0.00023  -0.00001  -0.00001  -0.00001   0.00000
                          11        12        13        14        15
  11        4D+1        0.00613
  12        4D-1        0.00000   0.00613
  13        4D+2        0.00000   0.00000   0.00643
  14        4D-2        0.00000   0.00000   0.00000   0.00613
  15        5S          0.00000   0.00000   0.00000   0.00000   2.11530
  16        5PX         0.00000   0.00000   0.00000   0.00000   0.00000
  17        5PY         0.00000   0.00000   0.00000   0.00000   0.00000
  18        5PZ         0.00000   0.00000   0.00000   0.00000   0.00000
  19        6D 0        0.00000   0.00000   0.00000   0.00000   0.00000
  20        6D+1       -0.03470   0.00000   0.00000   0.00000   0.00000
  21        6D-1        0.00000  -0.03470   0.00000   0.00000   0.00000
  22        6D+2        0.00000   0.00000  -0.03597   0.00000   0.00000
  23        6D-2        0.00000   0.00000   0.00000  -0.03470   0.00000
  24        7S          0.00000   0.00000   0.00000   0.00000  -0.11534
  25        7PX         0.00000   0.00000   0.00000   0.00000   0.00000
  26        7PY         0.00000   0.00000   0.00000   0.00000   0.00000
  27        7PZ         0.00000   0.00000   0.00000   0.00000   0.00000
  28 2   H  1S         -0.00000  -0.00000   0.00000  -0.00000  -0.00339
  29 3   H  1S         -0.00000  -0.00000   0.00000  -0.00000  -0.00339
  30 4   H  1S         -0.00000  -0.00000   0.00000  -0.00000  -0.00339
  31 5   H  1S         -0.00000  -0.00000   0.00000  -0.00000  -0.00339
                          16        17        18        19        20
  16        5PX         2.09785
  17        5PY         0.00000   2.09785
  18        5PZ         0.00000   0.00000   2.09785
  19        6D 0        0.00000   0.00000   0.00000   2.06552
  20        6D+1        0.00000   0.00000   0.00000   0.00000   2.03833
  21        6D-1        0.00000   0.00000   0.00000   0.00000   0.00000
  22        6D+2        0.00000   0.00000   0.00000   0.00000   0.00000
  23        6D-2        0.00000   0.00000   0.00000   0.00000   0.00000
  24        7S          0.00000   0.00000   0.00000   0.00000   0.00000
  25        7PX        -0.04713   0.00000   0.00000   0.00000   0.00000
  26        7PY         0.00000  -0.04713   0.00000   0.00000   0.00000
  27        7PZ         0.00000   0.00000  -0.04713   0.00000   0.00000
  28 2   H  1S         -0.00414  -0.00414  -0.00414   0.00000   0.00121
  29 3   H  1S         -0.00414  -0.00414  -0.00414   0.00000   0.00121
  30 4   H  1S         -0.00414  -0.00414  -0.00414   0.00000   0.00121
  31 5   H  1S         -0.00414  -0.00414  -0.00414   0.00000   0.00121
                          21        22        23        24        25
  21        6D-1        2.03833
  22        6D+2        0.00000   2.06552
  23        6D-2        0.00000   0.00000   2.03833
  24        7S          0.00000   0.00000   0.00000   1.01527
  25        7PX         0.00000   0.00000   0.00000   0.00000   0.43272
  26        7PY         0.00000   0.00000   0.00000   0.00000   0.00000
  27        7PZ         0.00000   0.00000   0.00000   0.00000   0.00000
  28 2   H  1S          0.00121   0.00000   0.00121   0.09622   0.08345
  29 3   H  1S          0.00121   0.00000   0.00121   0.09622   0.08345
  30 4   H  1S          0.00121   0.00000   0.00121   0.09622   0.08345
  31 5   H  1S          0.00121   0.00000   0.00121   0.09622   0.08345
                          26        27        28        29        30
  26        7PY         0.43272
  27        7PZ         0.00000   0.43272
  28 2   H  1S          0.08345   0.08345   0.82973
  29 3   H  1S          0.08345   0.08345  -0.00494   0.82973
  30 4   H  1S          0.08345   0.08345  -0.00494  -0.00494   0.82973
  31 5   H  1S          0.08345   0.08345  -0.00494  -0.00494  -0.00494
                          31
  31 5   H  1S          0.82973
     MBS Gross orbital populations:
                         Total     Alpha     Beta      Spin
   1 1   Sn 1S          0.00006   0.00003   0.00003   0.00000
   2        2S         -0.00091  -0.00045  -0.00045   0.00000
   3        2PX        -0.00018  -0.00009  -0.00009   0.00000
   4        2PY        -0.00018  -0.00009  -0.00009   0.00000
   5        2PZ        -0.00018  -0.00009  -0.00009   0.00000
   6        3S          0.01649   0.00825   0.00825   0.00000
   7        3PX        -0.01498  -0.00749  -0.00749   0.00000
   8        3PY        -0.01498  -0.00749  -0.00749   0.00000
   9        3PZ        -0.01498  -0.00749  -0.00749   0.00000
  10        4D 0       -0.02954  -0.01477  -0.01477   0.00000
  11        4D+1       -0.02858  -0.01429  -0.01429   0.00000
  12        4D-1       -0.02858  -0.01429  -0.01429   0.00000
  13        4D+2       -0.02954  -0.01477  -0.01477   0.00000
  14        4D-2       -0.02858  -0.01429  -0.01429   0.00000
  15        5S          1.99955   0.99978   0.99978   0.00000
  16        5PX         2.01732   1.00866   1.00866   0.00000
  17        5PY         2.01732   1.00866   1.00866   0.00000
  18        5PZ         2.01732   1.00866   1.00866   0.00000
  19        6D 0        2.02954   1.01477   1.01477   0.00000
  20        6D+1        2.00847   1.00423   1.00423   0.00000
  21        6D-1        2.00847   1.00423   1.00423   0.00000
  22        6D+2        2.02954   1.01477   1.01477   0.00000
  23        6D-2        2.00847   1.00423   1.00423   0.00000
  24        7S          1.28468   0.64234   0.64234   0.00000
  25        7PX         0.71929   0.35964   0.35964   0.00000
  26        7PY         0.71929   0.35964   0.35964   0.00000
  27        7PZ         0.71929   0.35964   0.35964   0.00000
  28 2   H  1S          1.14903   0.57452   0.57452   0.00000
  29 3   H  1S          1.14903   0.57452   0.57452   0.00000
  30 4   H  1S          1.14903   0.57452   0.57452   0.00000
  31 5   H  1S          1.14903   0.57452   0.57452   0.00000
          MBS Condensed to atoms (all electrons):
               1          2          3          4          5
     1  Sn  20.067322   0.334135   0.334135   0.334135   0.334135
     2  H    0.334135   0.829727  -0.004943  -0.004943  -0.004943
     3  H    0.334135  -0.004943   0.829727  -0.004943  -0.004943
     4  H    0.334135  -0.004943  -0.004943   0.829727  -0.004943
     5  H    0.334135  -0.004943  -0.004943  -0.004943   0.829727
          MBS Atomic-Atomic Spin Densities:
               1          2          3          4          5
     1  Sn   0.000000   0.000000   0.000000   0.000000   0.000000
     2  H    0.000000   0.000000   0.000000   0.000000   0.000000
     3  H    0.000000   0.000000   0.000000   0.000000   0.000000
     4  H    0.000000   0.000000   0.000000   0.000000   0.000000
     5  H    0.000000   0.000000   0.000000   0.000000   0.000000
 MBS Mulliken charges and spin densities:
               1          2
     1  Sn   0.596136   0.000000
     2  H   -0.149034   0.000000
     3  H   -0.149034   0.000000
     4  H   -0.149034   0.000000
     5  H   -0.149034   0.000000
 Sum of MBS Mulliken charges =   -0.00000    0.00000
============================================================
