Molecule: tio2.xyz
Charge: 0, Multiplicity: 1
Basis: cc-pVDZ
Atoms: 3, Electrons: 38

converged SCF energy = -998.12875632627  <S^2> = 6.4350331e-08  2S+1 = 1.0000001

UHF orbital structure: 19 alpha, 19 beta
 Annihilation of the first spin contaminant:
 S**2 before annihilation   0.0000,   after   0.0000
============================================================
MinPop Analysis (UHF)
============================================================
     Alpha  MBS Density Matrix:
                           1         2         3         4         5
   1 1   Ti 1S          1.17238
   2        2S         -0.47078   1.28970
   3        2PX         0.00000  -0.00000   1.10382
   4        2PY        -0.00000   0.00000  -0.00000   1.10656
   5        2PZ         0.00127  -0.00403  -0.00000  -0.00000   1.10364
   6        3S          0.11910  -0.39116   0.00000  -0.00000   0.01350
   7        3PX        -0.00000   0.00000  -0.33370   0.00000   0.00000
   8        3PY         0.00000  -0.00000   0.00000  -0.34373   0.00000
   9        3PZ        -0.00433   0.01370   0.00000   0.00000  -0.33329
  10        4D 0       -0.00129   0.00390  -0.00000   0.00000  -0.02154
  11        4D+1       -0.00000   0.00000  -0.02221   0.00000  -0.00000
  12        4D-1       -0.00000   0.00000  -0.00000  -0.03550  -0.00000
  13        4D+2        0.00866  -0.02671  -0.00000   0.00000   0.01357
  14        4D-2        0.00000  -0.00000  -0.00000   0.00000   0.00000
  15        5S          0.00011   0.00539   0.00000  -0.00000  -0.01858
  16        5PX         0.00000   0.00000  -0.01604  -0.00000  -0.00000
  17        5PY         0.00000  -0.00000  -0.00000  -0.00681  -0.00000
  18        5PZ         0.00162  -0.00559   0.00000  -0.00000  -0.02089
  19 2   O  1S          0.00182  -0.00556  -0.00000  -0.00537   0.00357
  20        2S         -0.00651   0.01875  -0.00000   0.02013  -0.01480
  21        2PX         0.00000  -0.00000   0.02881   0.00000  -0.00000
  22        2PY         0.00855  -0.02588   0.00000   0.00799   0.02093
  23        2PZ        -0.00472   0.01431   0.00000   0.03467   0.00973
  24 3   O  1S          0.00182  -0.00556   0.00000   0.00537   0.00357
  25        2S         -0.00651   0.01875   0.00000  -0.02013  -0.01480
  26        2PX        -0.00000   0.00000   0.02881  -0.00000  -0.00000
  27        2PY        -0.00855   0.02588   0.00000   0.00799  -0.02093
  28        2PZ        -0.00472   0.01431  -0.00000  -0.03467   0.00973
                           6         7         8         9        10
   6        3S          1.18703
   7        3PX         0.00000   1.07667
   8        3PY         0.00000  -0.00000   1.11331
   9        3PZ        -0.04645  -0.00000  -0.00000   1.07604
  10        4D 0       -0.01368   0.00000  -0.00000   0.07137   0.13215
  11        4D+1       -0.00000   0.07439  -0.00000   0.00000   0.00000
  12        4D-1       -0.00000   0.00000   0.11511   0.00000   0.00000
  13        4D+2        0.09210  -0.00000  -0.00000  -0.04387   0.03409
  14        4D-2        0.00000   0.00000  -0.00000  -0.00000   0.00000
  15        5S         -0.07986  -0.00000   0.00000   0.06068   0.01344
  16        5PX        -0.00000   0.01843   0.00000   0.00000   0.00000
  17        5PY         0.00000   0.00000  -0.01210   0.00000   0.00000
  18        5PZ         0.02186   0.00000   0.00000   0.03531  -0.06089
  19 2   O  1S          0.01854  -0.00000   0.01926  -0.01278   0.00152
  20        2S         -0.05397   0.00000  -0.06493   0.04776  -0.01147
  21        2PX         0.00000  -0.10066   0.00000   0.00000   0.00000
  22        2PY         0.09845  -0.00000  -0.01917  -0.07731  -0.14626
  23        2PZ        -0.05613  -0.00000  -0.12574  -0.03074  -0.14537
  24 3   O  1S          0.01854   0.00000  -0.01926  -0.01278   0.00152
  25        2S         -0.05397   0.00000   0.06493   0.04776  -0.01147
  26        2PX        -0.00000  -0.10066  -0.00000   0.00000  -0.00000
  27        2PY        -0.09845  -0.00000  -0.01917   0.07731   0.14626
  28        2PZ        -0.05613   0.00000   0.12574  -0.03074  -0.14537
                          11        12        13        14        15
  11        4D+1        0.09781
  12        4D-1       -0.00000   0.26659
  13        4D+2       -0.00000  -0.00000   0.13316
  14        4D-2        0.00000  -0.00000   0.00000   0.20348
  15        5S         -0.00000   0.00000  -0.06658  -0.00000   0.04511
  16        5PX        -0.08198   0.00000   0.00000  -0.00000   0.00000
  17        5PY         0.00000   0.00827   0.00000   0.00000  -0.00000
  18        5PZ        -0.00000  -0.00000  -0.01849   0.00000  -0.00612
  19 2   O  1S          0.00000   0.01174   0.00756   0.00000  -0.01757
  20        2S         -0.00000   0.00227  -0.00006   0.00000   0.03770
  21        2PX        -0.18172   0.00000   0.00000   0.25528  -0.00000
  22        2PY        -0.00000   0.25935   0.11974  -0.00000  -0.09674
  23        2PZ        -0.00000  -0.06798  -0.17130   0.00000   0.05545
  24 3   O  1S          0.00000  -0.01174   0.00756   0.00000  -0.01757
  25        2S         -0.00000  -0.00227  -0.00006  -0.00000   0.03770
  26        2PX        -0.18172   0.00000   0.00000  -0.25528   0.00000
  27        2PY         0.00000   0.25935  -0.11974  -0.00000   0.09674
  28        2PZ         0.00000   0.06798  -0.17130   0.00000   0.05545
                          16        17        18        19        20
  16        5PX         0.07520
  17        5PY        -0.00000   0.06824
  18        5PZ        -0.00000  -0.00000   0.03463
  19 2   O  1S          0.00000  -0.01582   0.00959   1.05504
  20        2S         -0.00000   0.02802  -0.02031  -0.22689   0.97478
  21        2PX         0.15528  -0.00000   0.00000  -0.00000   0.00000
  22        2PY        -0.00000   0.05338   0.06528  -0.02420   0.14691
  23        2PZ        -0.00000   0.15572   0.07222   0.01935  -0.12805
  24 3   O  1S         -0.00000   0.01582   0.00959  -0.00021   0.00062
  25        2S          0.00000  -0.02802  -0.02031   0.00062  -0.00634
  26        2PX         0.15528  -0.00000  -0.00000  -0.00000  -0.00000
  27        2PY        -0.00000   0.05338  -0.06528   0.00075  -0.01050
  28        2PZ         0.00000  -0.15572   0.07222  -0.00464   0.04064
                          21        22        23        24        25
  21        2PX         0.65923
  22        2PY        -0.00000   0.67553
  23        2PZ         0.00000   0.01594   0.74742
  24 3   O  1S         -0.00000  -0.00075  -0.00464   1.05504
  25        2S          0.00000   0.01050   0.04064  -0.22689   0.97478
  26        2PX         0.01870  -0.00000   0.00000   0.00000  -0.00000
  27        2PY        -0.00000  -0.07586   0.05021   0.02420  -0.14691
  28        2PZ         0.00000  -0.05021  -0.12638   0.01935  -0.12805
                          26        27        28
  26        2PX         0.65923
  27        2PY        -0.00000   0.67553
  28        2PZ        -0.00000  -0.01594   0.74742
     Beta  MBS Density Matrix:
                           1         2         3         4         5
   1 1   Ti 1S          1.17238
   2        2S         -0.47078   1.28970
   3        2PX        -0.00000  -0.00000   1.10382
   4        2PY        -0.00000   0.00000  -0.00000   1.10656
   5        2PZ         0.00127  -0.00403   0.00000  -0.00000   1.10364
   6        3S          0.11910  -0.39116   0.00000  -0.00000   0.01350
   7        3PX         0.00000  -0.00000  -0.33370   0.00000   0.00000
   8        3PY         0.00000  -0.00000   0.00000  -0.34373   0.00000
   9        3PZ        -0.00433   0.01371   0.00000   0.00000  -0.33330
  10        4D 0       -0.00129   0.00390   0.00000   0.00000  -0.02153
  11        4D+1        0.00000  -0.00000  -0.02220  -0.00000   0.00000
  12        4D-1       -0.00000   0.00000  -0.00000  -0.03550  -0.00000
  13        4D+2        0.00866  -0.02670  -0.00000   0.00000   0.01356
  14        4D-2       -0.00000   0.00000  -0.00000  -0.00000  -0.00000
  15        5S          0.00012   0.00539  -0.00000  -0.00000  -0.01858
  16        5PX        -0.00000   0.00000  -0.01604  -0.00000  -0.00000
  17        5PY         0.00000  -0.00000  -0.00000  -0.00681  -0.00000
  18        5PZ         0.00162  -0.00559   0.00000  -0.00000  -0.02089
  19 2   O  1S          0.00182  -0.00556   0.00000  -0.00537   0.00357
  20        2S         -0.00651   0.01875  -0.00000   0.02013  -0.01480
  21        2PX        -0.00000   0.00000   0.02881   0.00000  -0.00000
  22        2PY         0.00855  -0.02588   0.00000   0.00798   0.02094
  23        2PZ        -0.00472   0.01431  -0.00000   0.03467   0.00973
  24 3   O  1S          0.00182  -0.00556  -0.00000   0.00537   0.00357
  25        2S         -0.00651   0.01875   0.00000  -0.02013  -0.01480
  26        2PX        -0.00000  -0.00000   0.02881  -0.00000  -0.00000
  27        2PY        -0.00855   0.02588   0.00000   0.00798  -0.02094
  28        2PZ        -0.00472   0.01431  -0.00000  -0.03467   0.00973
                           6         7         8         9        10
   6        3S          1.18703
   7        3PX         0.00000   1.07666
   8        3PY         0.00000  -0.00000   1.11331
   9        3PZ        -0.04645   0.00000  -0.00000   1.07604
  10        4D 0       -0.01366  -0.00000  -0.00000   0.07134   0.13208
  11        4D+1        0.00000   0.07437   0.00000   0.00000  -0.00000
  12        4D-1       -0.00000   0.00000   0.11512   0.00000   0.00000
  13        4D+2        0.09208   0.00000  -0.00000  -0.04386   0.03411
  14        4D-2       -0.00000   0.00000   0.00000   0.00000   0.00000
  15        5S         -0.07985  -0.00000   0.00000   0.06068   0.01342
  16        5PX        -0.00000   0.01844   0.00000   0.00000   0.00000
  17        5PY         0.00000   0.00000  -0.01209   0.00000   0.00000
  18        5PZ         0.02186  -0.00000   0.00000   0.03531  -0.06087
  19 2   O  1S          0.01854  -0.00000   0.01926  -0.01278   0.00152
  20        2S         -0.05397   0.00000  -0.06493   0.04776  -0.01146
  21        2PX        -0.00000  -0.10066  -0.00000  -0.00000   0.00000
  22        2PY         0.09846  -0.00000  -0.01915  -0.07733  -0.14621
  23        2PZ        -0.05613   0.00000  -0.12573  -0.03074  -0.14536
  24 3   O  1S          0.01854   0.00000  -0.01926  -0.01278   0.00152
  25        2S         -0.05397  -0.00000   0.06493   0.04776  -0.01146
  26        2PX         0.00000  -0.10066   0.00000  -0.00000  -0.00000
  27        2PY        -0.09846  -0.00000  -0.01915   0.07733   0.14621
  28        2PZ        -0.05613   0.00000   0.12573  -0.03074  -0.14536
                          11        12        13        14        15
  11        4D+1        0.09776
  12        4D-1        0.00000   0.26648
  13        4D+2        0.00000  -0.00000   0.13312
  14        4D-2        0.00000  -0.00000  -0.00000   0.20337
  15        5S         -0.00000   0.00000  -0.06657   0.00000   0.04510
  16        5PX        -0.08194   0.00000  -0.00000  -0.00000   0.00000
  17        5PY        -0.00000   0.00825   0.00000  -0.00000  -0.00000
  18        5PZ        -0.00000  -0.00000  -0.01849  -0.00000  -0.00611
  19 2   O  1S          0.00000   0.01174   0.00756   0.00000  -0.01757
  20        2S         -0.00000   0.00225  -0.00007  -0.00000   0.03770
  21        2PX        -0.18168  -0.00000  -0.00000   0.25524   0.00000
  22        2PY         0.00000   0.25932   0.11972  -0.00000  -0.09674
  23        2PZ        -0.00000  -0.06799  -0.17129  -0.00000   0.05545
  24 3   O  1S         -0.00000  -0.01174   0.00756  -0.00000  -0.01757
  25        2S          0.00000  -0.00225  -0.00007   0.00000   0.03770
  26        2PX        -0.18168  -0.00000  -0.00000  -0.25524  -0.00000
  27        2PY        -0.00000   0.25932  -0.11972  -0.00000   0.09674
  28        2PZ         0.00000   0.06799  -0.17129  -0.00000   0.05545
                          16        17        18        19        20
  16        5PX         0.07517
  17        5PY         0.00000   0.06822
  18        5PZ        -0.00000  -0.00000   0.03463
  19 2   O  1S          0.00000  -0.01581   0.00958   1.05504
  20        2S         -0.00000   0.02801  -0.02031  -0.22689   0.97479
  21        2PX         0.15527   0.00000  -0.00000   0.00000  -0.00000
  22        2PY         0.00000   0.05337   0.06528  -0.02419   0.14690
  23        2PZ        -0.00000   0.15569   0.07222   0.01935  -0.12804
  24 3   O  1S         -0.00000   0.01581   0.00958  -0.00021   0.00062
  25        2S          0.00000  -0.02801  -0.02031   0.00062  -0.00634
  26        2PX         0.15527   0.00000   0.00000   0.00000  -0.00000
  27        2PY         0.00000   0.05337  -0.06528   0.00075  -0.01050
  28        2PZ         0.00000  -0.15569   0.07222  -0.00464   0.04064
                          21        22        23        24        25
  21        2PX         0.65935
  22        2PY         0.00000   0.67564
  23        2PZ        -0.00000   0.01595   0.74745
  24 3   O  1S          0.00000  -0.00075  -0.00464   1.05504
  25        2S         -0.00000   0.01050   0.04064  -0.22689   0.97479
  26        2PX         0.01869  -0.00000  -0.00000  -0.00000   0.00000
  27        2PY        -0.00000  -0.07584   0.05021   0.02419  -0.14690
  28        2PZ         0.00000  -0.05021  -0.12637   0.01935  -0.12804
                          26        27        28
  26        2PX         0.65935
  27        2PY        -0.00000   0.67564
  28        2PZ        -0.00000  -0.01595   0.74745
    Full MBS Mulliken population analysis:
                           1         2         3         4         5
   1 1   Ti 1S          2.34476
   2        2S         -0.35005   2.57941
   3        2PX         0.00000   0.00000   2.20764
   4        2PY         0.00000   0.00000   0.00000   2.21312
   5        2PZ         0.00000   0.00000   0.00000   0.00000   2.20728
   6        3S          0.00533  -0.23500   0.00000   0.00000   0.00000
   7        3PX         0.00000   0.00000  -0.20910   0.00000   0.00000
   8        3PY         0.00000   0.00000   0.00000  -0.21539   0.00000
   9        3PZ         0.00000   0.00000   0.00000   0.00000  -0.20885
  10        4D 0        0.00000   0.00000   0.00000   0.00000   0.00000
  11        4D+1        0.00000   0.00000   0.00000   0.00000   0.00000
  12        4D-1        0.00000   0.00000   0.00000   0.00000   0.00000
  13        4D+2        0.00000   0.00000   0.00000   0.00000   0.00000
  14        4D-2        0.00000   0.00000   0.00000   0.00000   0.00000
  15        5S         -0.00000   0.00015   0.00000   0.00000   0.00000
  16        5PX         0.00000   0.00000  -0.00080   0.00000   0.00000
  17        5PY         0.00000   0.00000   0.00000  -0.00034   0.00000
  18        5PZ         0.00000   0.00000   0.00000   0.00000  -0.00105
  19 2   O  1S          0.00000  -0.00000   0.00000  -0.00000  -0.00000
  20        2S         -0.00001   0.00024   0.00000   0.00013   0.00006
  21        2PX         0.00000   0.00000   0.00007   0.00000   0.00000
  22        2PY        -0.00003   0.00057   0.00000  -0.00007   0.00016
  23        2PZ        -0.00000   0.00021   0.00000   0.00026  -0.00003
  24 3   O  1S          0.00000  -0.00000   0.00000  -0.00000  -0.00000
  25        2S         -0.00001   0.00024   0.00000   0.00013   0.00006
  26        2PX         0.00000   0.00000   0.00007   0.00000   0.00000
  27        2PY        -0.00003   0.00057   0.00000  -0.00007   0.00016
  28        2PZ        -0.00000   0.00021   0.00000   0.00026  -0.00003
                           6         7         8         9        10
   6        3S          2.37406
   7        3PX         0.00000   2.15334
   8        3PY         0.00000   0.00000   2.22661
   9        3PZ         0.00000   0.00000   0.00000   2.15208
  10        4D 0        0.00000   0.00000   0.00000   0.00000   0.26423
  11        4D+1        0.00000   0.00000   0.00000   0.00000   0.00000
  12        4D-1        0.00000   0.00000   0.00000   0.00000   0.00000
  13        4D+2        0.00000   0.00000   0.00000   0.00000   0.00000
  14        4D-2        0.00000   0.00000   0.00000   0.00000   0.00000
  15        5S         -0.06311   0.00000   0.00000   0.00000   0.00000
  16        5PX         0.00000   0.01502   0.00000   0.00000   0.00000
  17        5PY         0.00000   0.00000  -0.00985   0.00000   0.00000
  18        5PZ         0.00000   0.00000   0.00000   0.02877   0.00000
  19 2   O  1S          0.00003   0.00000   0.00007   0.00003  -0.00000
  20        2S         -0.00779   0.00000  -0.01010  -0.00502   0.00021
  21        2PX         0.00000  -0.00598   0.00000   0.00000   0.00000
  22        2PY        -0.01853   0.00000   0.00323  -0.01190   0.02275
  23        2PZ        -0.00714   0.00000  -0.01935   0.00137   0.03694
  24 3   O  1S          0.00003   0.00000   0.00007   0.00003  -0.00000
  25        2S         -0.00779   0.00000  -0.01010  -0.00502   0.00021
  26        2PX         0.00000  -0.00598   0.00000   0.00000   0.00000
  27        2PY        -0.01853   0.00000   0.00323  -0.01190   0.02275
  28        2PZ        -0.00714   0.00000  -0.01935   0.00137   0.03694
                          11        12        13        14        15
  11        4D+1        0.19557
  12        4D-1        0.00000   0.53306
  13        4D+2        0.00000   0.00000   0.26628
  14        4D-2        0.00000   0.00000   0.00000   0.40685
  15        5S          0.00000   0.00000   0.00000   0.00000   0.09022
  16        5PX         0.00000   0.00000   0.00000   0.00000   0.00000
  17        5PY         0.00000   0.00000   0.00000   0.00000   0.00000
  18        5PZ         0.00000   0.00000   0.00000   0.00000   0.00000
  19 2   O  1S          0.00000  -0.00080  -0.00038   0.00000  -0.00120
  20        2S          0.00000  -0.00110   0.00002   0.00000   0.02343
  21        2PX         0.03768   0.00000   0.00000   0.07837   0.00000
  22        2PY         0.00000   0.09673   0.01468   0.00000   0.02746
  23        2PZ         0.00000   0.00578   0.04971   0.00000   0.01063
  24 3   O  1S          0.00000  -0.00080  -0.00038   0.00000  -0.00120
  25        2S          0.00000  -0.00110   0.00002   0.00000   0.02343
  26        2PX         0.03768   0.00000   0.00000   0.07837   0.00000
  27        2PY         0.00000   0.09673   0.01468   0.00000   0.02746
  28        2PZ         0.00000   0.00578   0.04971   0.00000   0.01063
                          16        17        18        19        20
  16        5PX         0.15037
  17        5PY         0.00000   0.13646
  18        5PZ         0.00000   0.00000   0.06926
  19 2   O  1S          0.00000  -0.00154  -0.00063   2.11009
  20        2S          0.00000   0.02148   0.01052  -0.10741   1.94957
  21        2PX         0.04955   0.00000   0.00000   0.00000   0.00000
  22        2PY         0.00000  -0.01121   0.02334   0.00000   0.00000
  23        2PZ         0.00000   0.05566   0.00561   0.00000   0.00000
  24 3   O  1S          0.00000  -0.00154  -0.00063   0.00000   0.00000
  25        2S          0.00000   0.02148   0.01052   0.00000  -0.00004
  26        2PX         0.04955   0.00000   0.00000   0.00000   0.00000
  27        2PY         0.00000  -0.01121   0.02334   0.00000  -0.00014
  28        2PZ         0.00000   0.05566   0.00561   0.00000   0.00000
                          21        22        23        24        25
  21        2PX         1.31859
  22        2PY         0.00000   1.35117
  23        2PZ         0.00000   0.00000   1.49486
  24 3   O  1S          0.00000   0.00000   0.00000   2.11009
  25        2S          0.00000  -0.00014   0.00000  -0.10741   1.94957
  26        2PX         0.00004   0.00000   0.00000   0.00000   0.00000
  27        2PY         0.00000   0.00176   0.00000   0.00000   0.00000
  28        2PZ         0.00000   0.00000  -0.00030   0.00000   0.00000
                          26        27        28
  26        2PX         1.31859
  27        2PY         0.00000   1.35117
  28        2PZ         0.00000   0.00000   1.49486
     MBS Gross orbital populations:
                         Total     Alpha     Beta      Spin
   1 1   Ti 1S          1.99994   0.99997   0.99997   0.00000
   2        2S          1.99656   0.99828   0.99828   0.00000
   3        2PX         1.99786   0.99893   0.99893   0.00000
   4        2PY         1.99803   0.99901   0.99901   0.00000
   5        2PZ         1.99778   0.99889   0.99889   0.00000
   6        3S          2.01445   1.00722   1.00722   0.00000
   7        3PX         1.94731   0.97365   0.97365   0.00000
   8        3PY         1.94907   0.97453   0.97453   0.00000
   9        3PZ         1.94097   0.97048   0.97049   0.00000
  10        4D 0        0.38402   0.19205   0.19197   0.00000
  11        4D+1        0.27093   0.13550   0.13543   0.00000
  12        4D-1        0.73428   0.36720   0.36709   0.00000
  13        4D+2        0.39433   0.19718   0.19715   0.00000
  14        4D-2        0.56359   0.28186   0.28173   0.00000
  15        5S          0.14790   0.07396   0.07394   0.00000
  16        5PX         0.26368   0.13185   0.13183   0.00000
  17        5PY         0.25505   0.12754   0.12751   0.00000
  18        5PZ         0.17465   0.08733   0.08732   0.00000
  19 2   O  1S          1.99827   0.99914   0.99914   0.00000
  20        2S          1.87405   0.93702   0.93703   0.00000
  21        2PX         1.47831   0.73910   0.73921   0.00000
  22        2PY         1.49995   0.74993   0.75003   0.00000
  23        2PZ         1.63421   0.81709   0.81712   0.00000
  24 3   O  1S          1.99827   0.99914   0.99914   0.00000
  25        2S          1.87405   0.93702   0.93703   0.00000
  26        2PX         1.47831   0.73910   0.73921   0.00000
  27        2PY         1.49995   0.74993   0.75003   0.00000
  28        2PZ         1.63421   0.81709   0.81712   0.00000
          MBS Condensed to atoms (all electrons):
               1          2          3
     1  Ti  20.082058   0.474168   0.474168
     2  O    0.474168   8.009450   0.001184
     3  O    0.474168   0.001184   8.009450
          MBS Atomic-Atomic Spin Densities:
               1          2          3
     1  Ti   0.000000   0.000000   0.000000
     2  O    0.000000   0.000000   0.000000
     3  O    0.000000   0.000000   0.000000
 MBS Mulliken charges and spin densities:
               1          2
     1  Ti   0.969605   0.000000
     2  O   -0.484803   0.000000
     3  O   -0.484803   0.000000
 Sum of MBS Mulliken charges =   -0.00000    0.00000
============================================================
