Molecule: tio2.xyz
Charge: 0, Multiplicity: 1
Basis: cc-pVTZ
Atoms: 3, Electrons: 38

converged SCF energy = -998.179116114141

ROHF orbital structure: 19 doubly occupied, 0 singly occupied
============================================================
MinPop Analysis (ROHF)
============================================================
     Alpha  MBS Density Matrix:
                           1         2         3         4         5
   1 1   Ti 1S       1.17238
   2        2S      -0.47078   1.28971
   3        2PX     -0.00000   0.00000   1.10419
   4        2PY     -0.00000   0.00000   0.00000   1.10678
   5        2PZ      0.00132  -0.00418  -0.00000  -0.00000   1.10392
   6        3S       0.11911  -0.39121  -0.00000  -0.00000   0.01390
   7        3PX      0.00000  -0.00000  -0.33493  -0.00000   0.00000
   8        3PY      0.00000  -0.00000  -0.00000  -0.34452   0.00000
   9        3PZ     -0.00450   0.01424   0.00000   0.00000  -0.33425
  10        4D 0    -0.00121   0.00368   0.00000   0.00000  -0.02202
  11        4D+1    -0.00000   0.00000  -0.02250   0.00000  -0.00000
  12        4D-1    -0.00000   0.00000   0.00000  -0.03724  -0.00000
  13        4D+2     0.00878  -0.02708   0.00000   0.00000   0.01391
  14        4D-2    -0.00000   0.00000  -0.00000  -0.00000   0.00000
  15        5S       0.00000   0.00574   0.00000  -0.00000  -0.01916
  16        5PX     -0.00000   0.00000  -0.01451  -0.00000  -0.00000
  17        5PY      0.00000  -0.00000  -0.00000  -0.00501  -0.00000
  18        5PZ      0.00198  -0.00671   0.00000  -0.00000  -0.01945
  19 2   O  1S       0.00181  -0.00551  -0.00000  -0.00526   0.00353
  20        2S      -0.00637   0.01832  -0.00000   0.01909  -0.01435
  21        2PX     -0.00000   0.00000   0.02857  -0.00000   0.00000
  22        2PY      0.00853  -0.02582  -0.00000   0.00793   0.02081
  23        2PZ     -0.00480   0.01458   0.00000   0.03428   0.00959
  24 3   O  1S       0.00181  -0.00551   0.00000   0.00526   0.00353
  25        2S      -0.00637   0.01832   0.00000  -0.01909  -0.01435
  26        2PX      0.00000  -0.00000   0.02857   0.00000  -0.00000
  27        2PY     -0.00853   0.02582   0.00000   0.00793  -0.02081
  28        2PZ     -0.00480   0.01458   0.00000  -0.03428   0.00959
                           6         7         8         9        10
   6        3S       1.18727
   7        3PX      0.00000   1.08072
   8        3PY      0.00000   0.00000   1.11606
   9        3PZ     -0.04786  -0.00000  -0.00000   1.07922
  10        4D 0    -0.01300  -0.00000  -0.00000   0.07296   0.12831
  11        4D+1    -0.00000   0.07533  -0.00000   0.00000   0.00000
  12        4D-1    -0.00000  -0.00000   0.12090   0.00000   0.00000
  13        4D+2     0.09299  -0.00000  -0.00000  -0.04498   0.03349
  14        4D-2     0.00000   0.00000   0.00000  -0.00000  -0.00000
  15        5S      -0.08117  -0.00000   0.00000   0.06246   0.01286
  16        5PX     -0.00000   0.01381   0.00000   0.00000   0.00000
  17        5PY     -0.00000  -0.00000  -0.01780   0.00000   0.00000
  18        5PZ      0.02497   0.00000   0.00000   0.03090  -0.06077
  19 2   O  1S       0.01838   0.00000   0.01893  -0.01269   0.00149
  20        2S      -0.05263   0.00000  -0.06173   0.04649  -0.01137
  21        2PX     -0.00000  -0.10005   0.00000  -0.00000  -0.00000
  22        2PY      0.09828  -0.00000  -0.01881  -0.07709  -0.14400
  23        2PZ     -0.05695  -0.00000  -0.12459  -0.03029  -0.14405
  24 3   O  1S       0.01838   0.00000  -0.01893  -0.01269   0.00149
  25        2S      -0.05263  -0.00000   0.06173   0.04649  -0.01137
  26        2PX     -0.00000  -0.10005  -0.00000   0.00000   0.00000
  27        2PY     -0.09828  -0.00000  -0.01881   0.07709   0.14400
  28        2PZ     -0.05695  -0.00000   0.12459  -0.03029  -0.14405
                          11        12        13        14        15
  11        4D+1     0.09416
  12        4D-1     0.00000   0.26135
  13        4D+2    -0.00000  -0.00000   0.13074
  14        4D-2     0.00000  -0.00000   0.00000   0.19610
  15        5S       0.00000   0.00000  -0.06757   0.00000   0.04670
  16        5PX     -0.08112   0.00000  -0.00000  -0.00000   0.00000
  17        5PY     -0.00000   0.00334   0.00000  -0.00000  -0.00000
  18        5PZ      0.00000  -0.00000  -0.01728   0.00000  -0.00693
  19 2   O  1S       0.00000   0.01232   0.00794  -0.00000  -0.01773
  20        2S      -0.00000   0.00015  -0.00156  -0.00000   0.03797
  21        2PX     -0.17856  -0.00000   0.00000   0.25239   0.00000
  22        2PY     -0.00000   0.25696   0.11806  -0.00000  -0.09779
  23        2PZ      0.00000  -0.06837  -0.16998   0.00000   0.05725
  24 3   O  1S       0.00000  -0.01232   0.00794  -0.00000  -0.01773
  25        2S      -0.00000  -0.00015  -0.00156  -0.00000   0.03797
  26        2PX     -0.17856  -0.00000  -0.00000  -0.25239   0.00000
  27        2PY      0.00000   0.25696  -0.11806   0.00000   0.09779
  28        2PZ      0.00000   0.06837  -0.16998  -0.00000   0.05725
                          16        17        18        19        20
  16        5PX      0.07605
  17        5PY     -0.00000   0.06899
  18        5PZ     -0.00000  -0.00000   0.03528
  19 2   O  1S      -0.00000  -0.01635   0.00996   1.05487
  20        2S       0.00000   0.02959  -0.02170  -0.22587   0.96948
  21        2PX      0.15715  -0.00000   0.00000  -0.00000   0.00000
  22        2PY     -0.00000   0.05096   0.06758  -0.02474   0.14960
  23        2PZ     -0.00000   0.15730   0.07252   0.01979  -0.13030
  24 3   O  1S      -0.00000   0.01635   0.00996  -0.00017   0.00038
  25        2S      -0.00000  -0.02959  -0.02170   0.00038  -0.00512
  26        2PX      0.15715   0.00000  -0.00000   0.00000  -0.00000
  27        2PY      0.00000   0.05096  -0.06758   0.00073  -0.01062
  28        2PZ      0.00000  -0.15730   0.07252  -0.00481   0.04172
                          21        22        23        24        25
  21        2PX      0.66526
  22        2PY     -0.00000   0.68062
  23        2PZ     -0.00000   0.01733   0.74856
  24 3   O  1S      -0.00000  -0.00073  -0.00481   1.05487
  25        2S      -0.00000   0.01062   0.04172  -0.22587   0.96948
  26        2PX      0.01556   0.00000   0.00000  -0.00000   0.00000
  27        2PY      0.00000  -0.07225   0.05045   0.02474  -0.14960
  28        2PZ     -0.00000  -0.05045  -0.12334   0.01979  -0.13030
                          26        27        28
  26        2PX      0.66526
  27        2PY     -0.00000   0.68062
  28        2PZ      0.00000  -0.01733   0.74856
     Beta  MBS Density Matrix:
                           1         2         3         4         5
   1 1   Ti 1S       1.17238
   2        2S      -0.47078   1.28971
   3        2PX     -0.00000   0.00000   1.10419
   4        2PY     -0.00000   0.00000   0.00000   1.10678
   5        2PZ      0.00132  -0.00418  -0.00000  -0.00000   1.10392
   6        3S       0.11911  -0.39121  -0.00000  -0.00000   0.01390
   7        3PX      0.00000  -0.00000  -0.33493  -0.00000   0.00000
   8        3PY      0.00000  -0.00000  -0.00000  -0.34452   0.00000
   9        3PZ     -0.00450   0.01424   0.00000   0.00000  -0.33425
  10        4D 0    -0.00121   0.00368   0.00000   0.00000  -0.02202
  11        4D+1    -0.00000   0.00000  -0.02250   0.00000  -0.00000
  12        4D-1    -0.00000   0.00000   0.00000  -0.03724  -0.00000
  13        4D+2     0.00878  -0.02708   0.00000   0.00000   0.01391
  14        4D-2    -0.00000   0.00000  -0.00000  -0.00000   0.00000
  15        5S       0.00000   0.00574   0.00000  -0.00000  -0.01916
  16        5PX     -0.00000   0.00000  -0.01451  -0.00000  -0.00000
  17        5PY      0.00000  -0.00000  -0.00000  -0.00501  -0.00000
  18        5PZ      0.00198  -0.00671   0.00000  -0.00000  -0.01945
  19 2   O  1S       0.00181  -0.00551  -0.00000  -0.00526   0.00353
  20        2S      -0.00637   0.01832  -0.00000   0.01909  -0.01435
  21        2PX     -0.00000   0.00000   0.02857  -0.00000   0.00000
  22        2PY      0.00853  -0.02582  -0.00000   0.00793   0.02081
  23        2PZ     -0.00480   0.01458   0.00000   0.03428   0.00959
  24 3   O  1S       0.00181  -0.00551   0.00000   0.00526   0.00353
  25        2S      -0.00637   0.01832   0.00000  -0.01909  -0.01435
  26        2PX      0.00000  -0.00000   0.02857   0.00000  -0.00000
  27        2PY     -0.00853   0.02582   0.00000   0.00793  -0.02081
  28        2PZ     -0.00480   0.01458   0.00000  -0.03428   0.00959
                           6         7         8         9        10
   6        3S       1.18727
   7        3PX      0.00000   1.08072
   8        3PY      0.00000   0.00000   1.11606
   9        3PZ     -0.04786  -0.00000  -0.00000   1.07922
  10        4D 0    -0.01300  -0.00000  -0.00000   0.07296   0.12831
  11        4D+1    -0.00000   0.07533  -0.00000   0.00000   0.00000
  12        4D-1    -0.00000  -0.00000   0.12090   0.00000   0.00000
  13        4D+2     0.09299  -0.00000  -0.00000  -0.04498   0.03349
  14        4D-2     0.00000   0.00000   0.00000  -0.00000  -0.00000
  15        5S      -0.08117  -0.00000   0.00000   0.06246   0.01286
  16        5PX     -0.00000   0.01381   0.00000   0.00000   0.00000
  17        5PY     -0.00000  -0.00000  -0.01780   0.00000   0.00000
  18        5PZ      0.02497   0.00000   0.00000   0.03090  -0.06077
  19 2   O  1S       0.01838   0.00000   0.01893  -0.01269   0.00149
  20        2S      -0.05263   0.00000  -0.06173   0.04649  -0.01137
  21        2PX     -0.00000  -0.10005   0.00000  -0.00000  -0.00000
  22        2PY      0.09828  -0.00000  -0.01881  -0.07709  -0.14400
  23        2PZ     -0.05695  -0.00000  -0.12459  -0.03029  -0.14405
  24 3   O  1S       0.01838   0.00000  -0.01893  -0.01269   0.00149
  25        2S      -0.05263  -0.00000   0.06173   0.04649  -0.01137
  26        2PX     -0.00000  -0.10005  -0.00000   0.00000   0.00000
  27        2PY     -0.09828  -0.00000  -0.01881   0.07709   0.14400
  28        2PZ     -0.05695  -0.00000   0.12459  -0.03029  -0.14405
                          11        12        13        14        15
  11        4D+1     0.09416
  12        4D-1     0.00000   0.26135
  13        4D+2    -0.00000  -0.00000   0.13074
  14        4D-2     0.00000  -0.00000   0.00000   0.19610
  15        5S       0.00000   0.00000  -0.06757   0.00000   0.04670
  16        5PX     -0.08112   0.00000  -0.00000  -0.00000   0.00000
  17        5PY     -0.00000   0.00334   0.00000  -0.00000  -0.00000
  18        5PZ      0.00000  -0.00000  -0.01728   0.00000  -0.00693
  19 2   O  1S       0.00000   0.01232   0.00794  -0.00000  -0.01773
  20        2S      -0.00000   0.00015  -0.00156  -0.00000   0.03797
  21        2PX     -0.17856  -0.00000   0.00000   0.25239   0.00000
  22        2PY     -0.00000   0.25696   0.11806  -0.00000  -0.09779
  23        2PZ      0.00000  -0.06837  -0.16998   0.00000   0.05725
  24 3   O  1S       0.00000  -0.01232   0.00794  -0.00000  -0.01773
  25        2S      -0.00000  -0.00015  -0.00156  -0.00000   0.03797
  26        2PX     -0.17856  -0.00000  -0.00000  -0.25239   0.00000
  27        2PY      0.00000   0.25696  -0.11806   0.00000   0.09779
  28        2PZ      0.00000   0.06837  -0.16998  -0.00000   0.05725
                          16        17        18        19        20
  16        5PX      0.07605
  17        5PY     -0.00000   0.06899
  18        5PZ     -0.00000  -0.00000   0.03528
  19 2   O  1S      -0.00000  -0.01635   0.00996   1.05487
  20        2S       0.00000   0.02959  -0.02170  -0.22587   0.96948
  21        2PX      0.15715  -0.00000   0.00000  -0.00000   0.00000
  22        2PY     -0.00000   0.05096   0.06758  -0.02474   0.14960
  23        2PZ     -0.00000   0.15730   0.07252   0.01979  -0.13030
  24 3   O  1S      -0.00000   0.01635   0.00996  -0.00017   0.00038
  25        2S      -0.00000  -0.02959  -0.02170   0.00038  -0.00512
  26        2PX      0.15715   0.00000  -0.00000   0.00000  -0.00000
  27        2PY      0.00000   0.05096  -0.06758   0.00073  -0.01062
  28        2PZ      0.00000  -0.15730   0.07252  -0.00481   0.04172
                          21        22        23        24        25
  21        2PX      0.66526
  22        2PY     -0.00000   0.68062
  23        2PZ     -0.00000   0.01733   0.74856
  24 3   O  1S      -0.00000  -0.00073  -0.00481   1.05487
  25        2S      -0.00000   0.01062   0.04172  -0.22587   0.96948
  26        2PX      0.01556   0.00000   0.00000  -0.00000   0.00000
  27        2PY      0.00000  -0.07225   0.05045   0.02474  -0.14960
  28        2PZ     -0.00000  -0.05045  -0.12334   0.01979  -0.13030
                          26        27        28
  26        2PX      0.66526
  27        2PY     -0.00000   0.68062
  28        2PZ      0.00000  -0.01733   0.74856
     Total  MBS Density Matrix:
                           1         2         3         4         5
   1 1   Ti 1S       2.34476
   2        2S      -0.94156   2.57943
   3        2PX     -0.00000   0.00000   2.20837
   4        2PY     -0.00000   0.00000   0.00000   2.21356
   5        2PZ      0.00264  -0.00837  -0.00000  -0.00000   2.20785
   6        3S       0.23822  -0.78243  -0.00000  -0.00000   0.02780
   7        3PX      0.00000  -0.00000  -0.66985  -0.00000   0.00000
   8        3PY      0.00000  -0.00000  -0.00000  -0.68904   0.00000
   9        3PZ     -0.00900   0.02848   0.00000   0.00000  -0.66849
  10        4D 0    -0.00243   0.00735   0.00000   0.00000  -0.04404
  11        4D+1    -0.00000   0.00000  -0.04500   0.00000  -0.00000
  12        4D-1    -0.00000   0.00000   0.00000  -0.07447  -0.00000
  13        4D+2     0.01755  -0.05417   0.00000   0.00000   0.02781
  14        4D-2    -0.00000   0.00000  -0.00000  -0.00000   0.00000
  15        5S       0.00002   0.01148   0.00000  -0.00000  -0.03832
  16        5PX     -0.00000   0.00000  -0.02903  -0.00000  -0.00000
  17        5PY      0.00000  -0.00000  -0.00000  -0.01002  -0.00000
  18        5PZ      0.00396  -0.01341   0.00000  -0.00000  -0.03890
  19 2   O  1S       0.00362  -0.01103  -0.00000  -0.01051   0.00707
  20        2S      -0.01274   0.03664  -0.00000   0.03819  -0.02871
  21        2PX     -0.00000   0.00000   0.05715  -0.00000   0.00000
  22        2PY      0.01705  -0.05163  -0.00000   0.01586   0.04162
  23        2PZ     -0.00960   0.02915   0.00000   0.06856   0.01918
  24 3   O  1S       0.00362  -0.01103   0.00000   0.01051   0.00707
  25        2S      -0.01274   0.03664   0.00000  -0.03819  -0.02871
  26        2PX      0.00000  -0.00000   0.05715   0.00000  -0.00000
  27        2PY     -0.01705   0.05163   0.00000   0.01586  -0.04162
  28        2PZ     -0.00960   0.02915   0.00000  -0.06856   0.01918
                           6         7         8         9        10
   6        3S       2.37454
   7        3PX      0.00000   2.16144
   8        3PY      0.00000   0.00000   2.23213
   9        3PZ     -0.09572  -0.00000  -0.00000   2.15844
  10        4D 0    -0.02599  -0.00000  -0.00000   0.14592   0.25661
  11        4D+1    -0.00000   0.15067  -0.00000   0.00000   0.00000
  12        4D-1    -0.00000  -0.00000   0.24179   0.00000   0.00000
  13        4D+2     0.18597  -0.00000  -0.00000  -0.08996   0.06697
  14        4D-2     0.00000   0.00000   0.00000  -0.00000  -0.00000
  15        5S      -0.16233  -0.00000   0.00000   0.12491   0.02572
  16        5PX     -0.00000   0.02762   0.00000   0.00000   0.00000
  17        5PY     -0.00000  -0.00000  -0.03560   0.00000   0.00000
  18        5PZ      0.04994   0.00000   0.00000   0.06180  -0.12155
  19 2   O  1S       0.03676   0.00000   0.03787  -0.02537   0.00298
  20        2S      -0.10527   0.00000  -0.12346   0.09298  -0.02273
  21        2PX     -0.00000  -0.20011   0.00000  -0.00000  -0.00000
  22        2PY      0.19657  -0.00000  -0.03762  -0.15419  -0.28799
  23        2PZ     -0.11390  -0.00000  -0.24918  -0.06058  -0.28810
  24 3   O  1S       0.03676   0.00000  -0.03787  -0.02537   0.00298
  25        2S      -0.10527  -0.00000   0.12346   0.09298  -0.02273
  26        2PX     -0.00000  -0.20011  -0.00000   0.00000   0.00000
  27        2PY     -0.19657  -0.00000  -0.03762   0.15419   0.28799
  28        2PZ     -0.11390  -0.00000   0.24918  -0.06058  -0.28810
                          11        12        13        14        15
  11        4D+1     0.18832
  12        4D-1     0.00000   0.52270
  13        4D+2    -0.00000  -0.00000   0.26149
  14        4D-2     0.00000  -0.00000   0.00000   0.39220
  15        5S       0.00000   0.00000  -0.13514   0.00000   0.09341
  16        5PX     -0.16224   0.00000  -0.00000  -0.00000   0.00000
  17        5PY     -0.00000   0.00668   0.00000  -0.00000  -0.00000
  18        5PZ      0.00000  -0.00000  -0.03456   0.00000  -0.01387
  19 2   O  1S       0.00000   0.02464   0.01588  -0.00000  -0.03545
  20        2S      -0.00000   0.00031  -0.00311  -0.00000   0.07595
  21        2PX     -0.35712  -0.00000   0.00000   0.50479   0.00000
  22        2PY     -0.00000   0.51392   0.23613  -0.00000  -0.19557
  23        2PZ      0.00000  -0.13674  -0.33995   0.00000   0.11451
  24 3   O  1S       0.00000  -0.02464   0.01588  -0.00000  -0.03545
  25        2S      -0.00000  -0.00031  -0.00311  -0.00000   0.07595
  26        2PX     -0.35712  -0.00000  -0.00000  -0.50479   0.00000
  27        2PY      0.00000   0.51392  -0.23613   0.00000   0.19557
  28        2PZ      0.00000   0.13674  -0.33995  -0.00000   0.11451
                          16        17        18        19        20
  16        5PX      0.15210
  17        5PY     -0.00000   0.13798
  18        5PZ     -0.00000  -0.00000   0.07055
  19 2   O  1S      -0.00000  -0.03270   0.01992   2.10975
  20        2S       0.00000   0.05917  -0.04341  -0.45174   1.93896
  21        2PX      0.31429  -0.00000   0.00000  -0.00000   0.00000
  22        2PY     -0.00000   0.10192   0.13517  -0.04949   0.29919
  23        2PZ     -0.00000   0.31460   0.14503   0.03958  -0.26061
  24 3   O  1S      -0.00000   0.03270   0.01992  -0.00035   0.00076
  25        2S      -0.00000  -0.05917  -0.04341   0.00076  -0.01024
  26        2PX      0.31429   0.00000  -0.00000   0.00000  -0.00000
  27        2PY      0.00000   0.10192  -0.13517   0.00145  -0.02124
  28        2PZ      0.00000  -0.31460   0.14503  -0.00962   0.08344
                          21        22        23        24        25
  21        2PX      1.33052
  22        2PY     -0.00000   1.36124
  23        2PZ     -0.00000   0.03465   1.49711
  24 3   O  1S      -0.00000  -0.00145  -0.00962   2.10975
  25        2S      -0.00000   0.02124   0.08344  -0.45174   1.93896
  26        2PX      0.03112   0.00000   0.00000  -0.00000   0.00000
  27        2PY      0.00000  -0.14450   0.10091   0.04949  -0.29919
  28        2PZ     -0.00000  -0.10091  -0.24669   0.03958  -0.26061
                          26        27        28
  26        2PX      1.33052
  27        2PY     -0.00000   1.36124
  28        2PZ      0.00000  -0.03465   1.49711
     Spin  MBS Density Matrix:
                           1         2         3         4         5
   1 1   Ti 1S       0.00000
   2        2S       0.00000   0.00000
   3        2PX      0.00000   0.00000   0.00000
   4        2PY      0.00000   0.00000   0.00000   0.00000
   5        2PZ      0.00000   0.00000   0.00000   0.00000   0.00000
   6        3S       0.00000   0.00000   0.00000   0.00000   0.00000
   7        3PX      0.00000   0.00000   0.00000   0.00000   0.00000
   8        3PY      0.00000   0.00000   0.00000   0.00000   0.00000
   9        3PZ      0.00000   0.00000   0.00000   0.00000   0.00000
  10        4D 0     0.00000   0.00000   0.00000   0.00000   0.00000
  11        4D+1     0.00000   0.00000   0.00000   0.00000   0.00000
  12        4D-1     0.00000   0.00000   0.00000   0.00000   0.00000
  13        4D+2     0.00000   0.00000   0.00000   0.00000   0.00000
  14        4D-2     0.00000   0.00000   0.00000   0.00000   0.00000
  15        5S       0.00000   0.00000   0.00000   0.00000   0.00000
  16        5PX      0.00000   0.00000   0.00000   0.00000   0.00000
  17        5PY      0.00000   0.00000   0.00000   0.00000   0.00000
  18        5PZ      0.00000   0.00000   0.00000   0.00000   0.00000
  19 2   O  1S       0.00000   0.00000   0.00000   0.00000   0.00000
  20        2S       0.00000   0.00000   0.00000   0.00000   0.00000
  21        2PX      0.00000   0.00000   0.00000   0.00000   0.00000
  22        2PY      0.00000   0.00000   0.00000   0.00000   0.00000
  23        2PZ      0.00000   0.00000   0.00000   0.00000   0.00000
  24 3   O  1S       0.00000   0.00000   0.00000   0.00000   0.00000
  25        2S       0.00000   0.00000   0.00000   0.00000   0.00000
  26        2PX      0.00000   0.00000   0.00000   0.00000   0.00000
  27        2PY      0.00000   0.00000   0.00000   0.00000   0.00000
  28        2PZ      0.00000   0.00000   0.00000   0.00000   0.00000
                           6         7         8         9        10
   6        3S       0.00000
   7        3PX      0.00000   0.00000
   8        3PY      0.00000   0.00000   0.00000
   9        3PZ      0.00000   0.00000   0.00000   0.00000
  10        4D 0     0.00000   0.00000   0.00000   0.00000   0.00000
  11        4D+1     0.00000   0.00000   0.00000   0.00000   0.00000
  12        4D-1     0.00000   0.00000   0.00000   0.00000   0.00000
  13        4D+2     0.00000   0.00000   0.00000   0.00000   0.00000
  14        4D-2     0.00000   0.00000   0.00000   0.00000   0.00000
  15        5S       0.00000   0.00000   0.00000   0.00000   0.00000
  16        5PX      0.00000   0.00000   0.00000   0.00000   0.00000
  17        5PY      0.00000   0.00000   0.00000   0.00000   0.00000
  18        5PZ      0.00000   0.00000   0.00000   0.00000   0.00000
  19 2   O  1S       0.00000   0.00000   0.00000   0.00000   0.00000
  20        2S       0.00000   0.00000   0.00000   0.00000   0.00000
  21        2PX      0.00000   0.00000   0.00000   0.00000   0.00000
  22        2PY      0.00000   0.00000   0.00000   0.00000   0.00000
  23        2PZ      0.00000   0.00000   0.00000   0.00000   0.00000
  24 3   O  1S       0.00000   0.00000   0.00000   0.00000   0.00000
  25        2S       0.00000   0.00000   0.00000   0.00000   0.00000
  26        2PX      0.00000   0.00000   0.00000   0.00000   0.00000
  27        2PY      0.00000   0.00000   0.00000   0.00000   0.00000
  28        2PZ      0.00000   0.00000   0.00000   0.00000   0.00000
                          11        12        13        14        15
  11        4D+1     0.00000
  12        4D-1     0.00000   0.00000
  13        4D+2     0.00000   0.00000   0.00000
  14        4D-2     0.00000   0.00000   0.00000   0.00000
  15        5S       0.00000   0.00000   0.00000   0.00000   0.00000
  16        5PX      0.00000   0.00000   0.00000   0.00000   0.00000
  17        5PY      0.00000   0.00000   0.00000   0.00000   0.00000
  18        5PZ      0.00000   0.00000   0.00000   0.00000   0.00000
  19 2   O  1S       0.00000   0.00000   0.00000   0.00000   0.00000
  20        2S       0.00000   0.00000   0.00000   0.00000   0.00000
  21        2PX      0.00000   0.00000   0.00000   0.00000   0.00000
  22        2PY      0.00000   0.00000   0.00000   0.00000   0.00000
  23        2PZ      0.00000   0.00000   0.00000   0.00000   0.00000
  24 3   O  1S       0.00000   0.00000   0.00000   0.00000   0.00000
  25        2S       0.00000   0.00000   0.00000   0.00000   0.00000
  26        2PX      0.00000   0.00000   0.00000   0.00000   0.00000
  27        2PY      0.00000   0.00000   0.00000   0.00000   0.00000
  28        2PZ      0.00000   0.00000   0.00000   0.00000   0.00000
                          16        17        18        19        20
  16        5PX      0.00000
  17        5PY      0.00000   0.00000
  18        5PZ      0.00000   0.00000   0.00000
  19 2   O  1S       0.00000   0.00000   0.00000   0.00000
  20        2S       0.00000   0.00000   0.00000   0.00000   0.00000
  21        2PX      0.00000   0.00000   0.00000   0.00000   0.00000
  22        2PY      0.00000   0.00000   0.00000   0.00000   0.00000
  23        2PZ      0.00000   0.00000   0.00000   0.00000   0.00000
  24 3   O  1S       0.00000   0.00000   0.00000   0.00000   0.00000
  25        2S       0.00000   0.00000   0.00000   0.00000   0.00000
  26        2PX      0.00000   0.00000   0.00000   0.00000   0.00000
  27        2PY      0.00000   0.00000   0.00000   0.00000   0.00000
  28        2PZ      0.00000   0.00000   0.00000   0.00000   0.00000
                          21        22        23        24        25
  21        2PX      0.00000
  22        2PY      0.00000   0.00000
  23        2PZ      0.00000   0.00000   0.00000
  24 3   O  1S       0.00000   0.00000   0.00000   0.00000
  25        2S       0.00000   0.00000   0.00000   0.00000   0.00000
  26        2PX      0.00000   0.00000   0.00000   0.00000   0.00000
  27        2PY      0.00000   0.00000   0.00000   0.00000   0.00000
  28        2PZ      0.00000   0.00000   0.00000   0.00000   0.00000
                          26        27        28
  26        2PX      0.00000
  27        2PY      0.00000   0.00000
  28        2PZ      0.00000   0.00000   0.00000
     MBS Gross orbital populations:
                         Total     Alpha     Beta      Spin
   1 1   Ti 1S       1.99994   0.99997   0.99997   0.00000
   2        2S       1.99655   0.99828   0.99828   0.00000
   3        2PX      1.99791   0.99895   0.99895   0.00000
   4        2PY      1.99805   0.99902   0.99902   0.00000
   5        2PZ      1.99781   0.99890   0.99890   0.00000
   6        3S       2.01410   1.00705   1.00705   0.00000
   7        3PX      1.95094   0.97547   0.97547   0.00000
   8        3PY      1.95067   0.97533   0.97533   0.00000
   9        3PZ      1.94344   0.97172   0.97172   0.00000
  10        4D 0     0.37504   0.18752   0.18752   0.00000
  11        4D+1     0.26238   0.13119   0.13119   0.00000
  12        4D-1     0.72419   0.36209   0.36209   0.00000
  13        4D+2     0.38941   0.19470   0.19470   0.00000
  14        4D-2     0.54717   0.27358   0.27358   0.00000
  15        5S       0.15167   0.07583   0.07583   0.00000
  16        5PX      0.26292   0.13146   0.13146   0.00000
  17        5PY      0.25647   0.12823   0.12823   0.00000
  18        5PZ      0.17551   0.08776   0.08776   0.00000
  19 2   O  1S       1.99826   0.99913   0.99913   0.00000
  20        2S       1.86841   0.93420   0.93420   0.00000
  21        2PX      1.48934   0.74467   0.74467   0.00000
  22        2PY      1.51013   0.75507   0.75507   0.00000
  23        2PZ      1.63678   0.81839   0.81839   0.00000
  24 3   O  1S       1.99826   0.99913   0.99913   0.00000
  25        2S       1.86841   0.93420   0.93420   0.00000
  26        2PX      1.48934   0.74467   0.74467   0.00000
  27        2PY      1.51013   0.75507   0.75507   0.00000
  28        2PZ      1.63678   0.81839   0.81839   0.00000
          MBS Condensed to atoms (all electrons):
                   1           2           3
      1  Ti   20.037949    0.478103    0.478103
      2  O     0.478103    8.023715    0.001106
      3  O     0.478103    0.001106    8.023715
          MBS Atomic-Atomic Spin Densities:
                   1           2           3
      1  Ti    0.000000    0.000000    0.000000
      2  O     0.000000    0.000000    0.000000
      3  O     0.000000    0.000000    0.000000
 MBS Mulliken charges and spin densities:
                  1          2
        1  Ti   1.005846   0.000000
        2  O   -0.502923   0.000000
        3  O   -0.502923   0.000000
 Sum of MBS Mulliken charges =   -0.00000    0.00000
============================================================
